<?xml version="1.0" encoding="UTF-8"?>
<!-- Generated by org.testng.reporters.JUnitReportReporter -->
<testsuite skipped="0" hostname="mahfahmy-BSS" name="working.with.elements.WorkingWithTextBoxAndButtons" tests="1" failures="0" timestamp="2020-02-06T10:46:49 EET" time="1.407" errors="0">
  <testcase name="loginScreen" time="1.407" classname="working.with.elements.WorkingWithTextBoxAndButtons"/>
</testsuite> <!-- working.with.elements.WorkingWithTextBoxAndButtons -->
