<?xml version="1.0" encoding="UTF-8"?>
<!-- Generated by org.testng.reporters.JUnitReportReporter -->
<testsuite skipped="0" hostname="mahfahmy-BSS" name="finding.elements.SpreagoLoginPage" tests="1" failures="0" timestamp="2020-02-03T12:28:27 EET" time="0.808" errors="0">
  <testcase name="loginScreen" time="0.808" classname="finding.elements.SpreagoLoginPage"/>
</testsuite> <!-- finding.elements.SpreagoLoginPage -->
