<?xml version="1.0" encoding="UTF-8"?>
<!-- Generated by org.testng.reporters.JUnitReportReporter -->
<testsuite skipped="0" hostname="mahfahmy-BSS" name="finding.elements.FindElementByName" tests="1" failures="0" timestamp="2020-01-23T13:02:15 EET" time="0.079" errors="0">
  <testcase name="findElement" time="0.079" classname="finding.elements.FindElementByName"/>
</testsuite> <!-- finding.elements.FindElementByName -->
