<?xml version="1.0" encoding="UTF-8"?>
<!-- Generated by org.testng.reporters.JUnitReportReporter -->
<testsuite skipped="0" hostname="mahfahmy-BSS" name="finding.elements.FindElementsByID" tests="1" failures="0" timestamp="2020-01-23T11:50:51 EET" time="0.069" errors="0">
  <testcase name="findElement" time="0.069" classname="finding.elements.FindElementsByID"/>
</testsuite> <!-- finding.elements.FindElementsByID -->
